c:\users\acer\desktop\taskmanager\src\taskmanager\taskmanager\x64\debug\vc143.pdb
c:\users\acer\desktop\taskmanager\src\taskmanager\taskmanager\x64\debug\vc143.idb
c:\users\acer\desktop\taskmanager\src\taskmanager\taskmanager\x64\debug\task.obj
c:\users\acer\desktop\taskmanager\src\taskmanager\taskmanager\x64\debug\taskmanagerr.obj
c:\users\acer\desktop\taskmanager\src\taskmanager\taskmanager\x64\debug\application.obj
c:\users\acer\desktop\taskmanager\src\taskmanager\taskmanager\x64\debug\color.obj
c:\users\acer\desktop\taskmanager\src\taskmanager\taskmanager\x64\debug\ui.obj
c:\users\acer\desktop\taskmanager\src\taskmanager\taskmanager\x64\debug\main.obj
c:\users\acer\desktop\taskmanager\src\taskmanager\x64\debug\taskmanager.exe
c:\users\acer\desktop\taskmanager\src\taskmanager\taskmanager\x64\debug\taskmanager.ilk
c:\users\acer\desktop\taskmanager\src\taskmanager\x64\debug\taskmanager.pdb
c:\users\acer\desktop\taskmanager\src\taskmanager\taskmanager\x64\debug\storage.obj
c:\users\acer\desktop\taskmanager\src\taskmanager\taskmanager\x64\debug\taskmanager.obj
c:\users\acer\desktop\taskmanager\src\taskmanager\taskmanager\x64\debug\taskmanager.tlog\cl.command.1.tlog
c:\users\acer\desktop\taskmanager\src\taskmanager\taskmanager\x64\debug\taskmanager.tlog\cl.items.tlog
c:\users\acer\desktop\taskmanager\src\taskmanager\taskmanager\x64\debug\taskmanager.tlog\cl.read.1.tlog
c:\users\acer\desktop\taskmanager\src\taskmanager\taskmanager\x64\debug\taskmanager.tlog\cl.write.1.tlog
c:\users\acer\desktop\taskmanager\src\taskmanager\taskmanager\x64\debug\taskmanager.tlog\link.command.1.tlog
c:\users\acer\desktop\taskmanager\src\taskmanager\taskmanager\x64\debug\taskmanager.tlog\link.read.1.tlog
c:\users\acer\desktop\taskmanager\src\taskmanager\taskmanager\x64\debug\taskmanager.tlog\link.write.1.tlog
